{"/Users/mikeeg/alchemy/career-track/exploring-models/lib/app.js": {"path":"/Users/mikeeg/alchemy/career-track/exploring-models/lib/app.js","statementMap":{"0":{"start":{"line":1,"column":16},"end":{"line":1,"column":34}},"1":{"start":{"line":2,"column":12},"end":{"line":2,"column":21}},"2":{"start":{"line":3,"column":13},"end":{"line":3,"column":37}},"3":{"start":{"line":5,"column":0},"end":{"line":5,"column":24}},"4":{"start":{"line":7,"column":0},"end":{"line":12,"column":3}},"5":{"start":{"line":8,"column":4},"end":{"line":8,"column":41}},"6":{"start":{"line":9,"column":4},"end":{"line":11,"column":38}},"7":{"start":{"line":11,"column":22},"end":{"line":11,"column":36}},"8":{"start":{"line":14,"column":0},"end":{"line":19,"column":3}},"9":{"start":{"line":15,"column":4},"end":{"line":15,"column":44}},"10":{"start":{"line":16,"column":4},"end":{"line":18,"column":38}},"11":{"start":{"line":18,"column":22},"end":{"line":18,"column":36}},"12":{"start":{"line":21,"column":0},"end":{"line":26,"column":3}},"13":{"start":{"line":22,"column":4},"end":{"line":22,"column":48}},"14":{"start":{"line":23,"column":4},"end":{"line":25,"column":40}},"15":{"start":{"line":25,"column":23},"end":{"line":25,"column":38}},"16":{"start":{"line":28,"column":0},"end":{"line":33,"column":3}},"17":{"start":{"line":29,"column":4},"end":{"line":29,"column":47}},"18":{"start":{"line":30,"column":4},"end":{"line":32,"column":52}},"19":{"start":{"line":32,"column":29},"end":{"line":32,"column":50}},"20":{"start":{"line":35,"column":0},"end":{"line":40,"column":3}},"21":{"start":{"line":36,"column":4},"end":{"line":36,"column":47}},"22":{"start":{"line":37,"column":4},"end":{"line":39,"column":52}},"23":{"start":{"line":39,"column":29},"end":{"line":39,"column":50}},"24":{"start":{"line":42,"column":0},"end":{"line":42,"column":21}}},"fnMap":{"0":{"name":"(anonymous_0)","decl":{"start":{"line":7,"column":18},"end":{"line":7,"column":19}},"loc":{"start":{"line":7,"column":32},"end":{"line":12,"column":1}},"line":7},"1":{"name":"(anonymous_1)","decl":{"start":{"line":11,"column":14},"end":{"line":11,"column":15}},"loc":{"start":{"line":11,"column":22},"end":{"line":11,"column":36}},"line":11},"2":{"name":"(anonymous_2)","decl":{"start":{"line":14,"column":17},"end":{"line":14,"column":18}},"loc":{"start":{"line":14,"column":31},"end":{"line":19,"column":1}},"line":14},"3":{"name":"(anonymous_3)","decl":{"start":{"line":18,"column":14},"end":{"line":18,"column":15}},"loc":{"start":{"line":18,"column":22},"end":{"line":18,"column":36}},"line":18},"4":{"name":"(anonymous_4)","decl":{"start":{"line":21,"column":25},"end":{"line":21,"column":26}},"loc":{"start":{"line":21,"column":39},"end":{"line":26,"column":1}},"line":21},"5":{"name":"(anonymous_5)","decl":{"start":{"line":25,"column":14},"end":{"line":25,"column":15}},"loc":{"start":{"line":25,"column":23},"end":{"line":25,"column":38}},"line":25},"6":{"name":"(anonymous_6)","decl":{"start":{"line":28,"column":25},"end":{"line":28,"column":26}},"loc":{"start":{"line":28,"column":39},"end":{"line":33,"column":1}},"line":28},"7":{"name":"(anonymous_7)","decl":{"start":{"line":32,"column":14},"end":{"line":32,"column":15}},"loc":{"start":{"line":32,"column":29},"end":{"line":32,"column":50}},"line":32},"8":{"name":"(anonymous_8)","decl":{"start":{"line":35,"column":28},"end":{"line":35,"column":29}},"loc":{"start":{"line":35,"column":42},"end":{"line":40,"column":1}},"line":35},"9":{"name":"(anonymous_9)","decl":{"start":{"line":39,"column":14},"end":{"line":39,"column":15}},"loc":{"start":{"line":39,"column":29},"end":{"line":39,"column":50}},"line":39}},"branchMap":{},"s":{"0":1,"1":1,"2":1,"3":1,"4":1,"5":1,"6":1,"7":1,"8":1,"9":1,"10":1,"11":1,"12":1,"13":1,"14":1,"15":1,"16":1,"17":1,"18":1,"19":1,"20":1,"21":1,"22":1,"23":1,"24":1},"f":{"0":1,"1":1,"2":1,"3":1,"4":1,"5":1,"6":1,"7":1,"8":1,"9":1},"b":{},"_coverageSchema":"43e27e138ebf9cfc5966b082cf9a028302ed4184","hash":"6c7df3a06076979f08806bbe0c7912b5d11f183a"}
,"/Users/mikeeg/alchemy/career-track/exploring-models/lib/models/Beer.js": {"path":"/Users/mikeeg/alchemy/career-track/exploring-models/lib/models/Beer.js","statementMap":{"0":{"start":{"line":1,"column":17},"end":{"line":1,"column":36}},"1":{"start":{"line":3,"column":15},"end":{"line":36,"column":2}},"2":{"start":{"line":38,"column":0},"end":{"line":38,"column":48}}},"fnMap":{},"branchMap":{},"s":{"0":2,"1":2,"2":2},"f":{},"b":{},"_coverageSchema":"43e27e138ebf9cfc5966b082cf9a028302ed4184","hash":"7123ee6dd69ca35b0a5f713148e1834184851b05"}
,"/Users/mikeeg/alchemy/career-track/exploring-models/lib/utils/connect.js": {"path":"/Users/mikeeg/alchemy/career-track/exploring-models/lib/utils/connect.js","statementMap":{"0":{"start":{"line":1,"column":17},"end":{"line":1,"column":36}},"1":{"start":{"line":3,"column":16},"end":{"line":16,"column":1}},"2":{"start":{"line":4,"column":4},"end":{"line":7,"column":7}},"3":{"start":{"line":9,"column":4},"end":{"line":11,"column":7}},"4":{"start":{"line":10,"column":8},"end":{"line":10,"column":40}},"5":{"start":{"line":13,"column":4},"end":{"line":15,"column":7}},"6":{"start":{"line":14,"column":8},"end":{"line":14,"column":44}},"7":{"start":{"line":18,"column":0},"end":{"line":18,"column":25}}},"fnMap":{"0":{"name":"(anonymous_0)","decl":{"start":{"line":3,"column":16},"end":{"line":3,"column":17}},"loc":{"start":{"line":3,"column":22},"end":{"line":16,"column":1}},"line":3},"1":{"name":"(anonymous_1)","decl":{"start":{"line":9,"column":40},"end":{"line":9,"column":41}},"loc":{"start":{"line":9,"column":46},"end":{"line":11,"column":5}},"line":9},"2":{"name":"(anonymous_2)","decl":{"start":{"line":13,"column":36},"end":{"line":13,"column":37}},"loc":{"start":{"line":13,"column":42},"end":{"line":15,"column":5}},"line":13}},"branchMap":{},"s":{"0":1,"1":1,"2":1,"3":1,"4":1,"5":1,"6":0,"7":1},"f":{"0":1,"1":1,"2":0},"b":{},"_coverageSchema":"43e27e138ebf9cfc5966b082cf9a028302ed4184","hash":"5a2a3f858078c8d131e7fd49b2aa0dd5601f0461"}
}
