{"/Users/mikeeg/alchemy/career-track/exploring-models/lib/models/Beer.js": {"path":"/Users/mikeeg/alchemy/career-track/exploring-models/lib/models/Beer.js","statementMap":{"0":{"start":{"line":1,"column":17},"end":{"line":1,"column":36}},"1":{"start":{"line":3,"column":15},"end":{"line":36,"column":2}},"2":{"start":{"line":38,"column":0},"end":{"line":38,"column":44}}},"fnMap":{},"branchMap":{},"s":{"0":1,"1":1,"2":1},"f":{},"b":{},"_coverageSchema":"43e27e138ebf9cfc5966b082cf9a028302ed4184","hash":"c1bef02d95b471c3e5b78637d673388da4e80a38"}
}
